[2026-07-07 09:59:29,747] tensorflow - DEBUG - Falling back to TensorFlow client; we recommended you install the Cloud TPU client directly with pip install cloud-tpu-client.
[2026-07-07 09:59:30,039] h5py._conv - DEBUG - Creating converter from 7 to 5
[2026-07-07 09:59:30,039] h5py._conv - DEBUG - Creating converter from 5 to 7
[2026-07-07 09:59:30,039] h5py._conv - DEBUG - Creating converter from 7 to 5
[2026-07-07 09:59:30,039] h5py._conv - DEBUG - Creating converter from 5 to 7
[2026-07-07 09:59:30,467] pydot - DEBUG - pydot initializing
[2026-07-07 09:59:30,467] pydot - DEBUG - pydot 4.0.1
[2026-07-07 09:59:30,469] pydot.core - DEBUG - pydot core module initializing
[2026-07-07 09:59:30,652] matplotlib - DEBUG - matplotlib data path: C:\Users\harsh\anaconda3\envs\stock\Lib\site-packages\matplotlib\mpl-data
[2026-07-07 09:59:30,656] matplotlib - DEBUG - CONFIGDIR=C:\Users\harsh\.matplotlib
[2026-07-07 09:59:30,656] matplotlib - DEBUG - interactive is False
[2026-07-07 09:59:30,657] matplotlib - DEBUG - platform is win32
[2026-07-07 09:59:30,677] matplotlib - DEBUG - CACHEDIR=C:\Users\harsh\.matplotlib
[2026-07-07 09:59:30,679] matplotlib.font_manager - DEBUG - Using fontManager instance from C:\Users\harsh\.matplotlib\fontlist-v3.11.0.json
[2026-07-07 09:59:31,311] asyncio - DEBUG - Using proactor: IocpProactor
[2026-07-07 10:04:17,909] yfinance - DEBUG - Entering download()
[2026-07-07 10:04:17,915] yfinance - DEBUG - Disabling multithreading because DEBUG logging enabled
[2026-07-07 10:04:17,916] yfinance - DEBUG -  Entering history()
[2026-07-07 10:04:17,943] peewee - DEBUG - ('CREATE TABLE IF NOT EXISTS "_tz_kv" ("key" VARCHAR(255) NOT NULL PRIMARY KEY, "value" VARCHAR(255)) WITHOUT ROWID', [])
[2026-07-07 10:04:17,943] peewee - DEBUG - ('SELECT "t1"."key", "t1"."value" FROM "_tz_kv" AS "t1" WHERE ("t1"."key" = ?) LIMIT ? OFFSET ?', ['ADANIENT.NS', 1, 0])
[2026-07-07 10:04:18,178] yfinance - DEBUG -   Entering history()
[2026-07-07 10:04:18,178] yfinance - DEBUG - ADANIENT.NS: Yahoo GET parameters: {'range': '120d', 'interval': '1d', 'includePrePost': False, 'events': 'div,splits,capitalGains'}
[2026-07-07 10:04:18,178] yfinance - DEBUG -    Entering get()
[2026-07-07 10:04:18,178] yfinance - DEBUG -     Entering _make_request()
[2026-07-07 10:04:18,178] yfinance - DEBUG - url=https://query2.finance.yahoo.com/v8/finance/chart/ADANIENT.NS
[2026-07-07 10:04:18,178] yfinance - DEBUG - params={'range': '120d', 'interval': '1d', 'includePrePost': False, 'events': 'div,splits,capitalGains'}
[2026-07-07 10:04:18,178] yfinance - DEBUG -      Entering _get_cookie_and_crumb()
[2026-07-07 10:04:18,178] yfinance - DEBUG - cookie_mode = 'basic'
[2026-07-07 10:04:18,178] yfinance - DEBUG -       Entering _get_cookie_and_crumb_basic()
[2026-07-07 10:04:18,178] yfinance - DEBUG -        Entering _get_cookie_basic()
[2026-07-07 10:04:18,178] yfinance - DEBUG -         Entering _load_cookie_curlCffi()
[2026-07-07 10:04:18,186] peewee - DEBUG - ('CREATE TABLE IF NOT EXISTS "_cookieschema" ("strategy" VARCHAR(255) NOT NULL PRIMARY KEY, "fetch_date" DATETIME NOT NULL, "cookie_bytes" BLOB NOT NULL) WITHOUT ROWID', [])
[2026-07-07 10:04:18,186] peewee - DEBUG - ('SELECT "t1"."strategy", "t1"."fetch_date", "t1"."cookie_bytes" FROM "_cookieschema" AS "t1" WHERE ("t1"."strategy" = ?) LIMIT ? OFFSET ?', ['curlCffi', 1, 0])
[2026-07-07 10:04:18,187] yfinance - DEBUG -         Exiting _load_cookie_curlCffi()
[2026-07-07 10:04:18,188] yfinance - DEBUG - reusing persistent cookie
[2026-07-07 10:04:18,188] yfinance - DEBUG -        Exiting _get_cookie_basic()
[2026-07-07 10:04:18,188] yfinance - DEBUG -        Entering _get_crumb_basic()
[2026-07-07 10:04:18,188] yfinance - DEBUG -         Entering _get_cookie_basic()
[2026-07-07 10:04:18,188] yfinance - DEBUG - reusing cookie
[2026-07-07 10:04:18,188] yfinance - DEBUG -         Exiting _get_cookie_basic()
[2026-07-07 10:04:35,405] yfinance - DEBUG - crumb = 'e4XFeNrklYs'
[2026-07-07 10:04:35,405] yfinance - DEBUG -        Exiting _get_crumb_basic()
[2026-07-07 10:04:35,405] yfinance - DEBUG -       Exiting _get_cookie_and_crumb_basic()
[2026-07-07 10:04:35,405] yfinance - DEBUG -      Exiting _get_cookie_and_crumb()
[2026-07-07 10:04:46,526] yfinance - ERROR - $ADANIENT.NS: possibly delisted; no price data found  (period=120d)
[2026-07-07 10:04:46,543] yfinance - DEBUG -   Exiting history()
[2026-07-07 10:04:46,543] yfinance - DEBUG -  Exiting history()
[2026-07-07 10:04:46,543] yfinance - ERROR - 
1 Failed download:
[2026-07-07 10:04:46,543] yfinance - ERROR - ['ADANIENT.NS']: possibly delisted; no price data found  (period=120d)
[2026-07-07 10:04:46,573] yfinance - DEBUG - Exiting download()
[2026-07-07 10:04:46,577] root - INFO - Loading model
[2026-07-07 10:04:46,577] root - ERROR - MyException.__init__() takes 2 positional arguments but 3 were given
