[2026-07-07 10:31:41,081] tensorflow - DEBUG - Falling back to TensorFlow client; we recommended you install the Cloud TPU client directly with pip install cloud-tpu-client.
[2026-07-07 10:31:41,421] h5py._conv - DEBUG - Creating converter from 7 to 5
[2026-07-07 10:31:41,421] h5py._conv - DEBUG - Creating converter from 5 to 7
[2026-07-07 10:31:41,421] h5py._conv - DEBUG - Creating converter from 7 to 5
[2026-07-07 10:31:41,421] h5py._conv - DEBUG - Creating converter from 5 to 7
[2026-07-07 10:31:41,990] pydot - DEBUG - pydot initializing
[2026-07-07 10:31:41,990] pydot - DEBUG - pydot 4.0.1
[2026-07-07 10:31:41,993] pydot.core - DEBUG - pydot core module initializing
[2026-07-07 10:31:42,270] matplotlib - DEBUG - matplotlib data path: C:\Users\harsh\anaconda3\envs\stock\Lib\site-packages\matplotlib\mpl-data
[2026-07-07 10:31:42,274] matplotlib - DEBUG - CONFIGDIR=C:\Users\harsh\.matplotlib
[2026-07-07 10:31:42,275] matplotlib - DEBUG - interactive is False
[2026-07-07 10:31:42,275] matplotlib - DEBUG - platform is win32
[2026-07-07 10:31:42,299] matplotlib - DEBUG - CACHEDIR=C:\Users\harsh\.matplotlib
[2026-07-07 10:31:42,309] matplotlib.font_manager - DEBUG - Using fontManager instance from C:\Users\harsh\.matplotlib\fontlist-v3.11.0.json
[2026-07-07 10:31:43,028] asyncio - DEBUG - Using proactor: IocpProactor
[2026-07-07 10:32:27,076] yfinance - DEBUG - Entering download()
[2026-07-07 10:32:27,076] yfinance - DEBUG - Disabling multithreading because DEBUG logging enabled
[2026-07-07 10:32:27,077] yfinance - DEBUG -  Entering history()
[2026-07-07 10:32:27,079] peewee - DEBUG - ('CREATE TABLE IF NOT EXISTS "_tz_kv" ("key" VARCHAR(255) NOT NULL PRIMARY KEY, "value" VARCHAR(255)) WITHOUT ROWID', [])
[2026-07-07 10:32:27,079] peewee - DEBUG - ('SELECT "t1"."key", "t1"."value" FROM "_tz_kv" AS "t1" WHERE ("t1"."key" = ?) LIMIT ? OFFSET ?', ['SBIN.NS', 1, 0])
[2026-07-07 10:32:27,272] yfinance - DEBUG -   Entering history()
[2026-07-07 10:32:27,272] yfinance - DEBUG - SBIN.NS: Yahoo GET parameters: {'range': '120d', 'interval': '1d', 'includePrePost': False, 'events': 'div,splits,capitalGains'}
[2026-07-07 10:32:27,272] yfinance - DEBUG -    Entering get()
[2026-07-07 10:32:27,273] yfinance - DEBUG -     Entering _make_request()
[2026-07-07 10:32:27,273] yfinance - DEBUG - url=https://query2.finance.yahoo.com/v8/finance/chart/SBIN.NS
[2026-07-07 10:32:27,273] yfinance - DEBUG - params={'range': '120d', 'interval': '1d', 'includePrePost': False, 'events': 'div,splits,capitalGains'}
[2026-07-07 10:32:27,273] yfinance - DEBUG -      Entering _get_cookie_and_crumb()
[2026-07-07 10:32:27,273] yfinance - DEBUG - cookie_mode = 'basic'
[2026-07-07 10:32:27,273] yfinance - DEBUG -       Entering _get_cookie_and_crumb_basic()
[2026-07-07 10:32:27,273] yfinance - DEBUG -        Entering _get_cookie_basic()
[2026-07-07 10:32:27,273] yfinance - DEBUG -         Entering _load_cookie_curlCffi()
[2026-07-07 10:32:27,276] peewee - DEBUG - ('CREATE TABLE IF NOT EXISTS "_cookieschema" ("strategy" VARCHAR(255) NOT NULL PRIMARY KEY, "fetch_date" DATETIME NOT NULL, "cookie_bytes" BLOB NOT NULL) WITHOUT ROWID', [])
[2026-07-07 10:32:27,276] peewee - DEBUG - ('SELECT "t1"."strategy", "t1"."fetch_date", "t1"."cookie_bytes" FROM "_cookieschema" AS "t1" WHERE ("t1"."strategy" = ?) LIMIT ? OFFSET ?', ['curlCffi', 1, 0])
[2026-07-07 10:32:27,277] yfinance - DEBUG -         Exiting _load_cookie_curlCffi()
[2026-07-07 10:32:27,277] yfinance - DEBUG - reusing persistent cookie
[2026-07-07 10:32:27,277] yfinance - DEBUG -        Exiting _get_cookie_basic()
[2026-07-07 10:32:27,277] yfinance - DEBUG -        Entering _get_crumb_basic()
[2026-07-07 10:32:27,277] yfinance - DEBUG -         Entering _get_cookie_basic()
[2026-07-07 10:32:27,277] yfinance - DEBUG - reusing cookie
[2026-07-07 10:32:27,277] yfinance - DEBUG -         Exiting _get_cookie_basic()
[2026-07-07 10:32:27,821] yfinance - DEBUG - crumb = 'e4XFeNrklYs'
[2026-07-07 10:32:27,821] yfinance - DEBUG -        Exiting _get_crumb_basic()
[2026-07-07 10:32:27,821] yfinance - DEBUG -       Exiting _get_cookie_and_crumb_basic()
[2026-07-07 10:32:27,821] yfinance - DEBUG -      Exiting _get_cookie_and_crumb()
[2026-07-07 10:32:28,207] yfinance - DEBUG - response code=200
[2026-07-07 10:32:28,207] yfinance - DEBUG -     Exiting _make_request()
[2026-07-07 10:32:28,207] yfinance - DEBUG -    Exiting get()
[2026-07-07 10:32:28,215] yfinance - DEBUG - SBIN.NS: yfinance received OHLC data: 2026-01-13 03:45:00 -> 2026-07-07 03:45:00
[2026-07-07 10:32:28,222] yfinance - DEBUG - SBIN.NS: OHLC after cleaning: 2026-01-13 09:15:00+05:30 -> 2026-07-07 09:15:00+05:30
[2026-07-07 10:32:28,235] yfinance - DEBUG - SBIN.NS: OHLC after combining events: 2026-01-13 00:00:00+05:30 -> 2026-07-07 00:00:00+05:30
[2026-07-07 10:32:28,239] yfinance - DEBUG - SBIN.NS: yfinance returning OHLC: 2026-01-13 00:00:00+05:30 -> 2026-07-07 00:00:00+05:30
[2026-07-07 10:32:28,240] yfinance - DEBUG -   Exiting history()
[2026-07-07 10:32:28,240] yfinance - DEBUG -  Exiting history()
[2026-07-07 10:32:28,243] yfinance - DEBUG - Exiting download()
[2026-07-07 10:32:28,246] root - INFO - Loading model
[2026-07-07 10:32:28,246] root - ERROR - Error occurred in python script: [C:\stock prediction\mera new code\src\pipline\prediction_pipeline.py] at line number [46]: File not found: filepath=artifact\model_trainer\model.keras. Please ensure the file is an accessible `.keras` zip file.
